Arguments: 
  C:\nodejs\node.exe C:\Users\trant\AppData\Roaming\npm\node_modules\yarn\bin\yarn.js add react-route-dom

PATH: 
  C:\Windows;C:\Windows\system32;C:\Windows\System32\Wbem;C:\Windows\System32\WindowsPowerShell\v1.0\;C:\Windows\System32\OpenSSH\;C:\Program Files\NVIDIA Corporation\NVIDIA NvDLISR;C:\Program Files (x86)\NVIDIA Corporation\PhysX\Common;C:\php-7.4.19;C:\nodejs\;C:\Program Files\Common Files\Oracle\Java\javapath;C:\Program Files\Java\jdk-11.0.11\bin;C:\Program Files\Symfony;C:\Program Files\Git\cmd;C:\ProgramData\ComposerSetup\bin;C:\Program Files (x86)\Calibre2\;C:\Users\trant\AppData\Local\Microsoft\WindowsApps;;C:\Users\trant\AppData\Local\Programs\Microsoft VS Code\bin;C:\Users\trant\AppData\Roaming\npm;C:\Users\trant\AppData\Roaming\Composer\vendor\bin;C:\Program Files\heroku\bin

Yarn version: 
  1.22.11

Node version: 
  14.17.0

Platform: 
  win32 ia32

Trace: 
  Error: https://registry.yarnpkg.com/react-route-dom: Not found
      at Request.params.callback [as _callback] (C:\Users\trant\AppData\Roaming\npm\node_modules\yarn\lib\cli.js:66992:18)
      at Request.self.callback (C:\Users\trant\AppData\Roaming\npm\node_modules\yarn\lib\cli.js:140763:22)
      at Request.emit (events.js:376:20)
      at Request.<anonymous> (C:\Users\trant\AppData\Roaming\npm\node_modules\yarn\lib\cli.js:141735:10)
      at Request.emit (events.js:376:20)
      at IncomingMessage.<anonymous> (C:\Users\trant\AppData\Roaming\npm\node_modules\yarn\lib\cli.js:141657:12)
      at Object.onceWrapper (events.js:482:28)
      at IncomingMessage.emit (events.js:388:22)
      at endReadableNT (internal/streams/readable.js:1336:12)
      at processTicksAndRejections (internal/process/task_queues.js:82:21)

npm manifest: 
  No manifest

yarn manifest: 
  No manifest

Lockfile: 
  No lockfile
